Bot is running...
ETELEGRAM
ETELEGRAM
ETELEGRAM
ETELEGRAM
ETELEGRAM
ETELEGRAM
ETELEGRAM
ETELEGRAM
ETELEGRAM
ETELEGRAM
ETELEGRAM
ETELEGRAM
ETELEGRAM
ETELEGRAM
ETELEGRAM
ETELEGRAM
ETELEGRAM
ETELEGRAM
ETELEGRAM
ETELEGRAM
ETELEGRAM
ETELEGRAM
ETELEGRAM
ETELEGRAM
ETELEGRAM
ETELEGRAM
ETELEGRAM
ETELEGRAM
ETELEGRAM
ETELEGRAM
ETELEGRAM
ETELEGRAM
ETELEGRAM
ETELEGRAM
ETELEGRAM
ETELEGRAM
ETELEGRAM
ETELEGRAM
ETELEGRAM
ETELEGRAM
ETELEGRAM
ETELEGRAM
ETELEGRAM
ETELEGRAM
ETELEGRAM
ETELEGRAM
ETELEGRAM
ETELEGRAM
ETELEGRAM
ETELEGRAM
ETELEGRAM
ETELEGRAM
ETELEGRAM
ETELEGRAM
ETELEGRAM
ETELEGRAM
ETELEGRAM
ETELEGRAM
ETELEGRAM
ETELEGRAM
ETELEGRAM
ETELEGRAM
ETELEGRAM
ETELEGRAM
ETELEGRAM
ETELEGRAM
ETELEGRAM
ETELEGRAM
ETELEGRAM
ETELEGRAM
ETELEGRAM
ETELEGRAM
ETELEGRAM
ETELEGRAM
ETELEGRAM
ETELEGRAM
ETELEGRAM
ETELEGRAM
ETELEGRAM
ETELEGRAM
ETELEGRAM
ETELEGRAM
ETELEGRAM
ETELEGRAM
ETELEGRAM
ETELEGRAM
ETELEGRAM
ETELEGRAM
ETELEGRAM
ETELEGRAM
ETELEGRAM
ETELEGRAM
ETELEGRAM
ETELEGRAM
ETELEGRAM
ETELEGRAM
ETELEGRAM
ETELEGRAM
ETELEGRAM
ETELEGRAM
ETELEGRAM
ETELEGRAM
ETELEGRAM
ETELEGRAM
ETELEGRAM
ETELEGRAM
ETELEGRAM
ETELEGRAM
ETELEGRAM
ETELEGRAM
ETELEGRAM
ETELEGRAM
ETELEGRAM
ETELEGRAM
ETELEGRAM
ETELEGRAM
ETELEGRAM
ETELEGRAM
ETELEGRAM
{
  message_id: 17550,
  from: {
    id: 7067365158,
    is_bot: false,
    first_name: "Official",
    username: "lomkim2024",
    language_code: "en"
  },
  chat: {
    id: 7067365158,
    first_name: "Official",
    username: "lomkim2024",
    type: "private"
  },
  date: 1735759153,
  text: "/start",
  entities: [ { offset: 0, length: 6, type: "bot_command" } ]
}
